<?xml version="1.0" encoding="UTF-8"?>
<testsuites name="Create a new patient" time="87" tests="4" failures="2" errors="0">
   <testsuite name="Create a new patient" tests="4" failures="2" errors="0" time="87" timestamp="2018-08-20 10:55:39" hostname="warren.cheong - 10.0.35.161" id="Test Suites/Create a new patient">
      <properties>
         <property name="deviceName" value=""/>
         <property name="devicePlatform" value=""/>
         <property name="logFolder" value="/Users/warren.cheong/Desktop/Katalon Studio tests/TrueNTH/Reports/Create a new patient/20180820_105537"/>
         <property name="logFiles" value="/Users/warren.cheong/Desktop/Katalon Studio tests/TrueNTH/Reports/Create a new patient/20180820_105537/execution0.log"/>
         <property name="attachments" value=""/>
         <property name="hostName" value="warren.cheong - 10.0.35.161"/>
         <property name="os" value="Mac OS X 64bit"/>
         <property name="katalonVersion" value="5.6.0.1"/>
         <property name="browser" value="Chrome 68.0.3440.75"/>
         <property name="hostAddress" value="10.0.35.161"/>
         <property name="sessionId" value="a00ef1c3b73ceb5a6682d24efa8f1705"/>
         <property name="seleniumVersion" value="3.7.1"/>
         <property name="proxyInformation" value="ProxyInformation{proxyOption=NO_PROXY, proxyServerType=HTTP, password=, proxyServerAddress=, proxyServerPort=0}"/>
         <property name="platform" value="Mac OS X"/>
      </properties>
      <testcase name="Test Cases/ePROMS/1. Log in/1.2. Log in - Staff" classname="Test Cases/ePROMS/1. Log in/1.2. Log in - Staff" status="PASSED">
         <system-out><![CDATA[2018-08-20 10:55:39 - [TEST_CASE][PASSED] - Test Cases/ePROMS/1. Log in/1.2. Log in - Staff: Test Cases/ePROMS/1. Log in/1.2. Log in - Staff

2018-08-20 10:55:40 - [TEST_STEP][PASSED] - openBrowser: Browser is opened with url: 'https://demo-eproms.us.truenth.org/'

2018-08-20 10:55:45 - [MESSAGE][PASSED] - Browser is opened with url: 'https://demo-eproms.us.truenth.org/'

2018-08-20 10:55:45 - [TEST_STEP][NOT_RUN] - maximizeWindow: NOT_RUN: maximizeWindow

2018-08-20 10:55:45 - [MESSAGE][NOT_RUN] - NOT_RUN: maximizeWindow

2018-08-20 10:55:45 - [TEST_STEP][PASSED] - waitForElementClickable: Object 'Object Repository/TrueNTH/TrueNTH Page/Log in button' is clickable

2018-08-20 10:55:46 - [MESSAGE][PASSED] - Object 'Object Repository/TrueNTH/TrueNTH Page/Log in button' is clickable

2018-08-20 10:55:46 - [TEST_STEP][PASSED] - delay: Delayed 1 second(s)

2018-08-20 10:55:47 - [MESSAGE][PASSED] - Delayed 1 second(s)

2018-08-20 10:55:47 - [TEST_STEP][PASSED] - click: Object: 'Object Repository/TrueNTH/TrueNTH Page/Log in button' is clicked on

2018-08-20 10:55:47 - [MESSAGE][PASSED] - Object: 'Object Repository/TrueNTH/TrueNTH Page/Log in button' is clicked on

2018-08-20 10:55:47 - [TEST_STEP][PASSED] - waitForElementVisible: Object 'Object Repository/TrueNTH/Log in page/Email address field' is visible

2018-08-20 10:55:48 - [MESSAGE][PASSED] - Object 'Object Repository/TrueNTH/Log in page/Email address field' is visible

2018-08-20 10:55:48 - [TEST_STEP][PASSED] - delay: Delayed 1 second(s)

2018-08-20 10:55:49 - [MESSAGE][PASSED] - Delayed 1 second(s)

2018-08-20 10:55:49 - [TEST_STEP][PASSED] - setText: Text 'truenthauto+staff@gmail.com' is set on object 'Object Repository/TrueNTH/Log in page/Email address field'

2018-08-20 10:55:49 - [MESSAGE][PASSED] - Text 'truenthauto+staff@gmail.com' is set on object 'Object Repository/TrueNTH/Log in page/Email address field'

2018-08-20 10:55:49 - [TEST_STEP][PASSED] - setText: Text 'Truenth1' is set on object 'Object Repository/TrueNTH/Log in page/Password field'

2018-08-20 10:55:49 - [MESSAGE][PASSED] - Text 'Truenth1' is set on object 'Object Repository/TrueNTH/Log in page/Password field'

2018-08-20 10:55:49 - [TEST_STEP][PASSED] - click: Object: 'Object Repository/TrueNTH/Log in page/Log in' is clicked on

2018-08-20 10:56:04 - [MESSAGE][PASSED] - Object: 'Object Repository/TrueNTH/Log in page/Log in' is clicked on

2018-08-20 10:56:04 - [TEST_STEP][PASSED] - waitForElementVisible: Object 'Object Repository/TrueNTH/Patients page/Patients Table' is visible

2018-08-20 10:56:07 - [MESSAGE][PASSED] - Object 'Object Repository/TrueNTH/Patients page/Patients Table' is visible]]></system-out>
         <system-err><![CDATA[]]></system-err>
      </testcase>
      <testcase name="Test Cases/ePROMS/2. Create new patient record/2.2a. Create a new patient - with email address" classname="Test Cases/ePROMS/2. Create new patient record/2.2a. Create a new patient - with email address" status="PASSED">
         <system-out><![CDATA[2018-08-20 10:56:09 - [TEST_CASE][PASSED] - Test Cases/ePROMS/2. Create new patient record/2.2a. Create a new patient - with email address: Test Cases/ePROMS/2. Create new patient record/2.2a. Create a new patient - with email address

2018-08-20 10:56:09 - [TEST_STEP][PASSED] - click: Object: 'Object Repository/TrueNTH/Patients page/Create patient button' is clicked on

2018-08-20 10:56:14 - [MESSAGE][PASSED] - Object: 'Object Repository/TrueNTH/Patients page/Create patient button' is clicked on

2018-08-20 10:56:14 - [TEST_STEP][PASSED] - waitForElementVisible: Object 'Object Repository/TrueNTH/New Patient Page/New Patient form' is visible

2018-08-20 10:56:14 - [MESSAGE][PASSED] - Object 'Object Repository/TrueNTH/New Patient Page/New Patient form' is visible

2018-08-20 10:56:14 - [TEST_STEP][PASSED] - delay: Delayed 1 second(s)

2018-08-20 10:56:15 - [MESSAGE][PASSED] - Delayed 1 second(s)

2018-08-20 10:56:15 - [TEST_STEP][PASSED] - setText: Text 'Auto' is set on object 'Object Repository/TrueNTH/New Patient Page/First name field'

2018-08-20 10:56:15 - [MESSAGE][PASSED] - Text 'Auto' is set on object 'Object Repository/TrueNTH/New Patient Page/First name field'

2018-08-20 10:56:15 - [TEST_STEP][PASSED] - setText: Text 'Demo' is set on object 'Object Repository/TrueNTH/New Patient Page/Last name field'

2018-08-20 10:56:16 - [MESSAGE][PASSED] - Text 'Demo' is set on object 'Object Repository/TrueNTH/New Patient Page/Last name field'

2018-08-20 10:56:16 - [TEST_STEP][PASSED] - setText: Text '1' is set on object 'Object Repository/TrueNTH/New Patient Page/Birthdate/Date field'

2018-08-20 10:56:16 - [MESSAGE][PASSED] - Text '1' is set on object 'Object Repository/TrueNTH/New Patient Page/Birthdate/Date field'

2018-08-20 10:56:16 - [TEST_STEP][PASSED] - selectOptionByLabel: All options with label 'January' are selected in object 'Object Repository/TrueNTH/New Patient Page/Birthdate/Month field' 

2018-08-20 10:56:16 - [MESSAGE][PASSED] - All options with label 'January' are selected in object 'Object Repository/TrueNTH/New Patient Page/Birthdate/Month field' 

2018-08-20 10:56:16 - [TEST_STEP][PASSED] - setText: Text '1990' is set on object 'Object Repository/TrueNTH/New Patient Page/Birthdate/Year field'

2018-08-20 10:56:16 - [MESSAGE][PASSED] - Text '1990' is set on object 'Object Repository/TrueNTH/New Patient Page/Birthdate/Year field'

2018-08-20 10:56:16 - [TEST_STEP][PASSED] - Statement - randomNum = new java.util.Random().nextInt(1000000) + 1: null

2018-08-20 10:56:16 - [TEST_STEP][PASSED] - Statement - randomEmail = emailAddress - "@gmail.com" + "+" + randomNum + "@gmail.com": null

2018-08-20 10:56:16 - [TEST_STEP][PASSED] - setText: Text 'truenthauto+644077@gmail.com' is set on object 'Object Repository/TrueNTH/New Patient Page/Email address field'

2018-08-20 10:56:17 - [MESSAGE][PASSED] - Text 'truenthauto+644077@gmail.com' is set on object 'Object Repository/TrueNTH/New Patient Page/Email address field'

2018-08-20 10:56:17 - [TEST_STEP][PASSED] - Statement - If (noEmail == true): null

2018-08-20 10:56:17 - [TEST_STEP][PASSED] - setText: Text '1234567890' is set on object 'Object Repository/TrueNTH/New Patient Page/Cell field'

2018-08-20 10:56:17 - [MESSAGE][PASSED] - Text '1234567890' is set on object 'Object Repository/TrueNTH/New Patient Page/Cell field'

2018-08-20 10:56:17 - [TEST_STEP][PASSED] - setText: Text '12345678' is set on object 'Object Repository/TrueNTH/New Patient Page/Phone (other) field'

2018-08-20 10:56:17 - [MESSAGE][PASSED] - Text '12345678' is set on object 'Object Repository/TrueNTH/New Patient Page/Phone (other) field'

2018-08-20 10:56:17 - [TEST_STEP][PASSED] - setText: Text '' is set on object 'Object Repository/TrueNTH/New Patient Page/Study ID field'

2018-08-20 10:56:17 - [MESSAGE][PASSED] - Text '' is set on object 'Object Repository/TrueNTH/New Patient Page/Study ID field'

2018-08-20 10:56:17 - [TEST_STEP][PASSED] - setText: Text '1' is set on object 'Object Repository/TrueNTH/New Patient Page/Study Consent Date/Date field'

2018-08-20 10:56:17 - [MESSAGE][PASSED] - Text '1' is set on object 'Object Repository/TrueNTH/New Patient Page/Study Consent Date/Date field'

2018-08-20 10:56:17 - [TEST_STEP][PASSED] - selectOptionByLabel: All options with label 'August' are selected in object 'Object Repository/TrueNTH/New Patient Page/Study Consent Date/Month field' 

2018-08-20 10:56:18 - [MESSAGE][PASSED] - All options with label 'August' are selected in object 'Object Repository/TrueNTH/New Patient Page/Study Consent Date/Month field' 

2018-08-20 10:56:18 - [TEST_STEP][PASSED] - setText: Text '2018' is set on object 'Object Repository/TrueNTH/New Patient Page/Study Consent Date/Year field'

2018-08-20 10:56:18 - [MESSAGE][PASSED] - Text '2018' is set on object 'Object Repository/TrueNTH/New Patient Page/Study Consent Date/Year field'

2018-08-20 10:56:18 - [TEST_STEP][PASSED] - scrollToElement: Scroll to object 'Object Repository/TrueNTH/New Patient Page/Sites/Australia/Australia Recruiting Site B/AU B Child Site 2' successfully

2018-08-20 10:56:18 - [MESSAGE][WARNING] - Timeout '0' is invalid. Using default page load timeout: '30'

2018-08-20 10:56:18 - [MESSAGE][PASSED] - Scroll to object 'Object Repository/TrueNTH/New Patient Page/Sites/Australia/Australia Recruiting Site B/AU B Child Site 2' successfully

2018-08-20 10:56:18 - [TEST_STEP][PASSED] - check: Object 'Object Repository/TrueNTH/New Patient Page/Sites/Australia/Australia Recruiting Site B/AU B Child Site 2' is checked

2018-08-20 10:56:18 - [MESSAGE][PASSED] - Object 'Object Repository/TrueNTH/New Patient Page/Sites/Australia/Australia Recruiting Site B/AU B Child Site 2' is checked

2018-08-20 10:56:18 - [TEST_STEP][PASSED] - scrollToElement: Scroll to object 'Object Repository/TrueNTH/New Patient Page/Save button' successfully

2018-08-20 10:56:18 - [MESSAGE][WARNING] - Timeout '0' is invalid. Using default page load timeout: '30'

2018-08-20 10:56:18 - [MESSAGE][PASSED] - Scroll to object 'Object Repository/TrueNTH/New Patient Page/Save button' successfully

2018-08-20 10:56:18 - [TEST_STEP][PASSED] - click: Object: 'Object Repository/TrueNTH/New Patient Page/Save button' is clicked on

2018-08-20 10:56:18 - [MESSAGE][PASSED] - Object: 'Object Repository/TrueNTH/New Patient Page/Save button' is clicked on

2018-08-20 10:56:18 - [TEST_STEP][PASSED] - waitForElementVisible: Object 'Object Repository/TrueNTH/Patient Profile page - staff/Profile form' is visible

2018-08-20 10:56:23 - [MESSAGE][PASSED] - Object 'Object Repository/TrueNTH/Patient Profile page - staff/Profile form' is visible]]></system-out>
         <system-err><![CDATA[]]></system-err>
      </testcase>
      <testcase name="Test Cases/ePROMS/2. Create new patient record/2.2b. Send patient Email" classname="Test Cases/ePROMS/2. Create new patient record/2.2b. Send patient Email" status="PASSED">
         <system-out><![CDATA[2018-08-20 10:56:26 - [TEST_CASE][PASSED] - Test Cases/ePROMS/2. Create new patient record/2.2b. Send patient Email: Test Cases/ePROMS/2. Create new patient record/2.2b. Send patient Email

2018-08-20 10:56:26 - [TEST_STEP][PASSED] - Statement - If (emailType == "Invite"): All options with label 'TrueNTH Invite' are selected in object 'Object Repository/TrueNTH/Patient Profile page - staff/Send email to patient dropdown' 

2018-08-20 10:56:26 - [TEST_STEP][PASSED] - selectOptionByLabel: All options with label 'TrueNTH Invite' are selected in object 'Object Repository/TrueNTH/Patient Profile page - staff/Send email to patient dropdown' 

2018-08-20 10:56:26 - [MESSAGE][PASSED] - All options with label 'TrueNTH Invite' are selected in object 'Object Repository/TrueNTH/Patient Profile page - staff/Send email to patient dropdown' 

2018-08-20 10:56:26 - [TEST_STEP][PASSED] - waitForElementClickable: Object 'Object Repository/TrueNTH/Patient Profile page - staff/Send email button' is clickable

2018-08-20 10:56:26 - [MESSAGE][PASSED] - Object 'Object Repository/TrueNTH/Patient Profile page - staff/Send email button' is clickable

2018-08-20 10:56:26 - [TEST_STEP][PASSED] - click: Object: 'Object Repository/TrueNTH/Patient Profile page - staff/Send email button' is clicked on

2018-08-20 10:56:26 - [MESSAGE][PASSED] - Object: 'Object Repository/TrueNTH/Patient Profile page - staff/Send email button' is clicked on

2018-08-20 10:56:26 - [TEST_STEP][PASSED] - waitForElementVisible: Object 'Object Repository/TrueNTH/Patient Profile page - staff/Send email spinner' is visible

2018-08-20 10:56:26 - [MESSAGE][PASSED] - Object 'Object Repository/TrueNTH/Patient Profile page - staff/Send email spinner' is visible

2018-08-20 10:56:26 - [TEST_STEP][PASSED] - waitForElementNotVisible: Object 'Object Repository/TrueNTH/Patient Profile page - staff/Send email spinner' is NOT visible

2018-08-20 10:56:28 - [MESSAGE][PASSED] - Object 'Object Repository/TrueNTH/Patient Profile page - staff/Send email spinner' is NOT visible

2018-08-20 10:56:28 - [TEST_STEP][PASSED] - delay: Delayed 2 second(s)

2018-08-20 10:56:30 - [MESSAGE][PASSED] - Delayed 2 second(s)

2018-08-20 10:56:30 - [TEST_STEP][PASSED] - navigateToUrl: Navigate to 'http://www.gmail.com' successfully

2018-08-20 10:56:33 - [MESSAGE][PASSED] - Navigate to 'http://www.gmail.com' successfully

2018-08-20 10:56:33 - [TEST_STEP][PASSED] - waitForElementVisible: Object 'Object Repository/Gmail/Log in/Email field' is visible

2018-08-20 10:56:33 - [MESSAGE][PASSED] - Object 'Object Repository/Gmail/Log in/Email field' is visible]]></system-out>
         <system-err><![CDATA[]]></system-err>
      </testcase>
      <testcase name="Test Cases/ePROMS/2. Create new patient record/2.2c. Log in to gmail" classname="Test Cases/ePROMS/2. Create new patient record/2.2c. Log in to gmail" status="PASSED">
         <system-out><![CDATA[2018-08-20 10:56:35 - [TEST_CASE][PASSED] - Test Cases/ePROMS/2. Create new patient record/2.2c. Log in to gmail: Test Cases/ePROMS/2. Create new patient record/2.2c. Log in to gmail

2018-08-20 10:56:35 - [TEST_STEP][PASSED] - openBrowser: Browser is opened with url: 'https://accounts.google.com/signin/v2/identifier?continue=https%3A%2F%2Fmail.google.com%2Fmail%2F&service=mail&sacu=1&rip=1&flowName=GlifWebSignIn&flowEntry=ServiceLogin'

2018-08-20 10:56:35 - [MESSAGE][WARNING] - A browser is already opened. Closing browser and opening a new one

2018-08-20 10:56:39 - [MESSAGE][PASSED] - Browser is opened with url: 'https://accounts.google.com/signin/v2/identifier?continue=https%3A%2F%2Fmail.google.com%2Fmail%2F&service=mail&sacu=1&rip=1&flowName=GlifWebSignIn&flowEntry=ServiceLogin'

2018-08-20 10:56:39 - [TEST_STEP][PASSED] - setText: Text 'truenthauto@gmail.com' is set on object 'Object Repository/Gmail/Log in/Email field'

2018-08-20 10:56:39 - [MESSAGE][PASSED] - Text 'truenthauto@gmail.com' is set on object 'Object Repository/Gmail/Log in/Email field'

2018-08-20 10:56:39 - [TEST_STEP][PASSED] - click: Object: 'Object Repository/Gmail/Log in/Next (email)' is clicked on

2018-08-20 10:56:39 - [MESSAGE][PASSED] - Object: 'Object Repository/Gmail/Log in/Next (email)' is clicked on

2018-08-20 10:56:39 - [TEST_STEP][PASSED] - waitForElementVisible: Object 'Object Repository/Gmail/Log in/Profile identifier' is visible

2018-08-20 10:56:40 - [MESSAGE][PASSED] - Object 'Object Repository/Gmail/Log in/Profile identifier' is visible

2018-08-20 10:56:40 - [TEST_STEP][PASSED] - delay: Delayed 2 second(s)

2018-08-20 10:56:42 - [MESSAGE][PASSED] - Delayed 2 second(s)

2018-08-20 10:56:42 - [TEST_STEP][PASSED] - setText: Text 'truenth!' is set on object 'Object Repository/Gmail/Log in/Password field'

2018-08-20 10:56:42 - [MESSAGE][PASSED] - Text 'truenth!' is set on object 'Object Repository/Gmail/Log in/Password field'

2018-08-20 10:56:42 - [TEST_STEP][PASSED] - click: Object: 'Object Repository/Gmail/Log in/Next (password)' is clicked on

2018-08-20 10:56:42 - [MESSAGE][PASSED] - Object: 'Object Repository/Gmail/Log in/Next (password)' is clicked on

2018-08-20 10:56:42 - [TEST_STEP][PASSED] - waitForElementVisible: Object 'Object Repository/Gmail/Inbox/Search bar' is visible

2018-08-20 10:56:47 - [MESSAGE][PASSED] - Object 'Object Repository/Gmail/Inbox/Search bar' is visible

2018-08-20 10:56:47 - [TEST_STEP][PASSED] - delay: Delayed 1 second(s)

2018-08-20 10:56:48 - [MESSAGE][PASSED] - Delayed 1 second(s)]]></system-out>
         <system-err><![CDATA[]]></system-err>
      </testcase>
      <testcase name="Test Cases/ePROMS/2. Create new patient record/2.2d. Check first email" classname="Test Cases/ePROMS/2. Create new patient record/2.2d. Check first email" status="FAILED">
         <failure type="FAILED" message="Unable to verify match between actual text 'yP' and expected text 'zF' (Root cause: Actual text 'yP' and expected text 'zF' are not matched)"/>
         <system-out><![CDATA[2018-08-20 10:56:50 - [TEST_CASE][FAILED] - Test Cases/ePROMS/2. Create new patient record/2.2d. Check first email: Test Cases/ePROMS/2. Create new patient record/2.2d. Check first email FAILED because (of) Unable to verify match between actual text 'yP' and expected text 'zF' (Root cause: Actual text 'yP' and expected text 'zF' are not matched)

2018-08-20 10:56:50 - [TEST_STEP][PASSED] - Statement - If (emailType == "invite"): null

2018-08-20 10:56:50 - [TEST_STEP][PASSED] - Statement - emailSubject = "Get Started: Verify Your TrueNTH Account": null

2018-08-20 10:56:50 - [TEST_STEP][PASSED] - waitForElementPresent: Object 'Object Repository/Gmail/Inbox/Search bar' is present

2018-08-20 10:56:50 - [MESSAGE][WARNING] - Timeout '0' is invalid. Using default page load timeout: '30'

2018-08-20 10:56:50 - [MESSAGE][PASSED] - Object 'Object Repository/Gmail/Inbox/Search bar' is present

2018-08-20 10:56:50 - [TEST_STEP][PASSED] - delay: Delayed 1 second(s)

2018-08-20 10:56:51 - [MESSAGE][PASSED] - Delayed 1 second(s)

2018-08-20 10:56:51 - [TEST_STEP][PASSED] - Statement - unreadClass = com.kms.katalon.core.webui.keyword.WebUiBuiltInKeywords.getAttribute(com.kms.katalon.core.testobject.ObjectRepository.findTestObject(Gmail/Inbox/First email read status), "class"): Attribute 'class' of object 'Object Repository/Gmail/Inbox/First email read status' is: 'yP'

2018-08-20 10:56:51 - [MESSAGE][PASSED] - Attribute 'class' of object 'Object Repository/Gmail/Inbox/First email read status' is: 'yP'

2018-08-20 10:56:51 - [TEST_STEP][FAILED] - verifyMatch: Unable to verify match between actual text 'yP' and expected text 'zF' (Root cause: Actual text 'yP' and expected text 'zF' are not matched)

2018-08-20 10:56:51 - [MESSAGE][FAILED] - Unable to verify match between actual text 'yP' and expected text 'zF' (Root cause: Actual text 'yP' and expected text 'zF' are not matched)

2018-08-20 10:56:51 - [TEST_STEP][PASSED] - delay: Delayed 1 second(s)

2018-08-20 10:56:52 - [MESSAGE][PASSED] - Delayed 1 second(s)

2018-08-20 10:56:52 - [TEST_STEP][PASSED] - click: Object: 'Object Repository/Gmail/Inbox/First email sender' is clicked on

2018-08-20 10:56:53 - [MESSAGE][PASSED] - Object: 'Object Repository/Gmail/Inbox/First email sender' is clicked on

2018-08-20 10:56:53 - [TEST_STEP][PASSED] - delay: Delayed 1 second(s)

2018-08-20 10:56:54 - [MESSAGE][PASSED] - Delayed 1 second(s)

2018-08-20 10:56:54 - [TEST_STEP][PASSED] - click: Object: 'Object Repository/Gmail/Inbox/Verification email/Verify Account button' is clicked on

2018-08-20 10:56:54 - [MESSAGE][PASSED] - Object: 'Object Repository/Gmail/Inbox/Verification email/Verify Account button' is clicked on

2018-08-20 10:56:54 - [TEST_STEP][PASSED] - delay: Delayed 5 second(s)

2018-08-20 10:56:59 - [MESSAGE][PASSED] - Delayed 5 second(s)

2018-08-20 10:56:59 - [TEST_STEP][PASSED] - switchToWindowIndex: Switched to window with index: '1'

2018-08-20 10:56:59 - [MESSAGE][PASSED] - Switched to window with index: '1'

2018-08-20 10:56:59 - [TEST_STEP][PASSED] - waitForElementVisible: Object 'Object Repository/TrueNTH/Register for TrueNTH page/TrueNTH Header Logo' is visible

2018-08-20 10:56:59 - [MESSAGE][PASSED] - Object 'Object Repository/TrueNTH/Register for TrueNTH page/TrueNTH Header Logo' is visible]]></system-out>
         <system-err><![CDATA[2018-08-20 10:56:50 - [TEST_CASE][FAILED] - Test Cases/ePROMS/2. Create new patient record/2.2d. Check first email: Test Cases/ePROMS/2. Create new patient record/2.2d. Check first email FAILED because (of) Unable to verify match between actual text 'yP' and expected text 'zF' (Root cause: Actual text 'yP' and expected text 'zF' are not matched)]]></system-err>
      </testcase>
      <testcase name="Test Cases/ePROMS/2. Create new patient record/2.2e. Verify email and create account" classname="Test Cases/ePROMS/2. Create new patient record/2.2e. Verify email and create account" status="FAILED">
         <failure type="FAILED" message="Unable to set text 'Auto' of object 'Object Repository/TrueNTH/Verify Account page (challenge)/First name field' (Root cause: org.openqa.selenium.NoSuchWindowException: no such window: window was already closed
  (Session info: chrome=68.0.3440.75)
  (Driver info: chromedriver=2.35.528157 (4429ca2590d6988c0745c24c8858745aaaec01ef),platform=Mac OS X 10.13.4 x86_64) (WARNING: The server did not provide any stacktrace information)
Command duration or timeout: 0 milliseconds
Build info: version: '3.7.1', revision: '8a0099a', time: '2017-11-06T21:07:36.161Z'
System info: host: 'Warren Cheong - Mac', ip: 'fe80:0:0:0:1cdf:9cb7:d6c3:fc8a%en0', os.name: 'Mac OS X', os.arch: 'x86_64', os.version: '10.13.4', java.version: '1.8.0_181'
Driver info: com.kms.katalon.selenium.driver.CChromeDriver
Capabilities {acceptInsecureCerts: false, acceptSslCerts: false, applicationCacheEnabled: false, browserConnectionEnabled: false, browserName: chrome, chrome: {chromedriverVersion: 2.35.528157 (4429ca2590d698..., userDataDir: /var/folders/lk/qb8jdl254rn...}, cssSelectorsEnabled: true, databaseEnabled: false, handlesAlerts: true, hasTouchScreen: false, javascriptEnabled: true, locationContextEnabled: true, mobileEmulationEnabled: false, nativeEvents: true, networkConnectionEnabled: false, pageLoadStrategy: normal, platform: MAC, platformName: MAC, rotatable: false, setWindowRect: true, takesHeapSnapshot: true, takesScreenshot: true, unexpectedAlertBehaviour: , unhandledPromptBehavior: , version: 68.0.3440.75, webStorageEnabled: true}
Session ID: a00ef1c3b73ceb5a6682d24efa8f1705
*** Element info: {Using=xpath, value=//input[@id=&quot;first_name&quot;]})"/>
         <system-out><![CDATA[2018-08-20 10:57:01 - [TEST_CASE][FAILED] - Test Cases/ePROMS/2. Create new patient record/2.2e. Verify email and create account: Test Cases/ePROMS/2. Create new patient record/2.2e. Verify email and create account FAILED because (of) Unable to set text 'Auto' of object 'Object Repository/TrueNTH/Verify Account page (challenge)/First name field' (Root cause: org.openqa.selenium.NoSuchWindowException: no such window: window was already closed
  (Session info: chrome=68.0.3440.75)
  (Driver info: chromedriver=2.35.528157 (4429ca2590d6988c0745c24c8858745aaaec01ef),platform=Mac OS X 10.13.4 x86_64) (WARNING: The server did not provide any stacktrace information)
Command duration or timeout: 0 milliseconds
Build info: version: '3.7.1', revision: '8a0099a', time: '2017-11-06T21:07:36.161Z'
System info: host: 'Warren Cheong - Mac', ip: 'fe80:0:0:0:1cdf:9cb7:d6c3:fc8a%en0', os.name: 'Mac OS X', os.arch: 'x86_64', os.version: '10.13.4', java.version: '1.8.0_181'
Driver info: com.kms.katalon.selenium.driver.CChromeDriver
Capabilities {acceptInsecureCerts: false, acceptSslCerts: false, applicationCacheEnabled: false, browserConnectionEnabled: false, browserName: chrome, chrome: {chromedriverVersion: 2.35.528157 (4429ca2590d698..., userDataDir: /var/folders/lk/qb8jdl254rn...}, cssSelectorsEnabled: true, databaseEnabled: false, handlesAlerts: true, hasTouchScreen: false, javascriptEnabled: true, locationContextEnabled: true, mobileEmulationEnabled: false, nativeEvents: true, networkConnectionEnabled: false, pageLoadStrategy: normal, platform: MAC, platformName: MAC, rotatable: false, setWindowRect: true, takesHeapSnapshot: true, takesScreenshot: true, unexpectedAlertBehaviour: , unhandledPromptBehavior: , version: 68.0.3440.75, webStorageEnabled: true}
Session ID: a00ef1c3b73ceb5a6682d24efa8f1705
*** Element info: {Using=xpath, value=//input[@id="first_name"]})

2018-08-20 10:57:01 - [TEST_STEP][FAILED] - setText: Unable to set text 'Auto' of object 'Object Repository/TrueNTH/Verify Account page (challenge)/First name field' (Root cause: org.openqa.selenium.NoSuchWindowException: no such window: window was already closed
  (Session info: chrome=68.0.3440.75)
  (Driver info: chromedriver=2.35.528157 (4429ca2590d6988c0745c24c8858745aaaec01ef),platform=Mac OS X 10.13.4 x86_64) (WARNING: The server did not provide any stacktrace information)
Command duration or timeout: 0 milliseconds
Build info: version: '3.7.1', revision: '8a0099a', time: '2017-11-06T21:07:36.161Z'
System info: host: 'Warren Cheong - Mac', ip: 'fe80:0:0:0:1cdf:9cb7:d6c3:fc8a%en0', os.name: 'Mac OS X', os.arch: 'x86_64', os.version: '10.13.4', java.version: '1.8.0_181'
Driver info: com.kms.katalon.selenium.driver.CChromeDriver
Capabilities {acceptInsecureCerts: false, acceptSslCerts: false, applicationCacheEnabled: false, browserConnectionEnabled: false, browserName: chrome, chrome: {chromedriverVersion: 2.35.528157 (4429ca2590d698..., userDataDir: /var/folders/lk/qb8jdl254rn...}, cssSelectorsEnabled: true, databaseEnabled: false, handlesAlerts: true, hasTouchScreen: false, javascriptEnabled: true, locationContextEnabled: true, mobileEmulationEnabled: false, nativeEvents: true, networkConnectionEnabled: false, pageLoadStrategy: normal, platform: MAC, platformName: MAC, rotatable: false, setWindowRect: true, takesHeapSnapshot: true, takesScreenshot: true, unexpectedAlertBehaviour: , unhandledPromptBehavior: , version: 68.0.3440.75, webStorageEnabled: true}
Session ID: a00ef1c3b73ceb5a6682d24efa8f1705
*** Element info: {Using=xpath, value=//input[@id="first_name"]})

2018-08-20 10:57:04 - [MESSAGE][WARNING] - Cannot take screenshot

2018-08-20 10:57:04 - [MESSAGE][FAILED] - Unable to set text 'Auto' of object 'Object Repository/TrueNTH/Verify Account page (challenge)/First name field' (Root cause: org.openqa.selenium.NoSuchWindowException: no such window: window was already closed
  (Session info: chrome=68.0.3440.75)
  (Driver info: chromedriver=2.35.528157 (4429ca2590d6988c0745c24c8858745aaaec01ef),platform=Mac OS X 10.13.4 x86_64) (WARNING: The server did not provide any stacktrace information)
Command duration or timeout: 0 milliseconds
Build info: version: '3.7.1', revision: '8a0099a', time: '2017-11-06T21:07:36.161Z'
System info: host: 'Warren Cheong - Mac', ip: 'fe80:0:0:0:1cdf:9cb7:d6c3:fc8a%en0', os.name: 'Mac OS X', os.arch: 'x86_64', os.version: '10.13.4', java.version: '1.8.0_181'
Driver info: com.kms.katalon.selenium.driver.CChromeDriver
Capabilities {acceptInsecureCerts: false, acceptSslCerts: false, applicationCacheEnabled: false, browserConnectionEnabled: false, browserName: chrome, chrome: {chromedriverVersion: 2.35.528157 (4429ca2590d698..., userDataDir: /var/folders/lk/qb8jdl254rn...}, cssSelectorsEnabled: true, databaseEnabled: false, handlesAlerts: true, hasTouchScreen: false, javascriptEnabled: true, locationContextEnabled: true, mobileEmulationEnabled: false, nativeEvents: true, networkConnectionEnabled: false, pageLoadStrategy: normal, platform: MAC, platformName: MAC, rotatable: false, setWindowRect: true, takesHeapSnapshot: true, takesScreenshot: true, unexpectedAlertBehaviour: , unhandledPromptBehavior: , version: 68.0.3440.75, webStorageEnabled: true}
Session ID: a00ef1c3b73ceb5a6682d24efa8f1705
*** Element info: {Using=xpath, value=//input[@id="first_name"]})]]></system-out>
         <system-err><![CDATA[2018-08-20 10:57:01 - [TEST_CASE][FAILED] - Test Cases/ePROMS/2. Create new patient record/2.2e. Verify email and create account: Test Cases/ePROMS/2. Create new patient record/2.2e. Verify email and create account FAILED because (of) Unable to set text 'Auto' of object 'Object Repository/TrueNTH/Verify Account page (challenge)/First name field' (Root cause: org.openqa.selenium.NoSuchWindowException: no such window: window was already closed
  (Session info: chrome=68.0.3440.75)
  (Driver info: chromedriver=2.35.528157 (4429ca2590d6988c0745c24c8858745aaaec01ef),platform=Mac OS X 10.13.4 x86_64) (WARNING: The server did not provide any stacktrace information)
Command duration or timeout: 0 milliseconds
Build info: version: '3.7.1', revision: '8a0099a', time: '2017-11-06T21:07:36.161Z'
System info: host: 'Warren Cheong - Mac', ip: 'fe80:0:0:0:1cdf:9cb7:d6c3:fc8a%en0', os.name: 'Mac OS X', os.arch: 'x86_64', os.version: '10.13.4', java.version: '1.8.0_181'
Driver info: com.kms.katalon.selenium.driver.CChromeDriver
Capabilities {acceptInsecureCerts: false, acceptSslCerts: false, applicationCacheEnabled: false, browserConnectionEnabled: false, browserName: chrome, chrome: {chromedriverVersion: 2.35.528157 (4429ca2590d698..., userDataDir: /var/folders/lk/qb8jdl254rn...}, cssSelectorsEnabled: true, databaseEnabled: false, handlesAlerts: true, hasTouchScreen: false, javascriptEnabled: true, locationContextEnabled: true, mobileEmulationEnabled: false, nativeEvents: true, networkConnectionEnabled: false, pageLoadStrategy: normal, platform: MAC, platformName: MAC, rotatable: false, setWindowRect: true, takesHeapSnapshot: true, takesScreenshot: true, unexpectedAlertBehaviour: , unhandledPromptBehavior: , version: 68.0.3440.75, webStorageEnabled: true}
Session ID: a00ef1c3b73ceb5a6682d24efa8f1705
*** Element info: {Using=xpath, value=//input[@id="first_name"]})]]></system-err>
      </testcase>
      <system-out><![CDATA[2018-08-20 10:55:39 - [TEST_SUITE][FAILED] - Create a new patient: Test Cases/ePROMS/2. Create new patient record/2.2d. Check first email FAILED because (of) Unable to verify match between actual text 'yP' and expected text 'zF' (Root cause: Actual text 'yP' and expected text 'zF' are not matched)]]></system-out>
      <system-err><![CDATA[2018-08-20 10:55:39 - [TEST_SUITE][FAILED] - Create a new patient: Test Cases/ePROMS/2. Create new patient record/2.2d. Check first email FAILED because (of) Unable to verify match between actual text 'yP' and expected text 'zF' (Root cause: Actual text 'yP' and expected text 'zF' are not matched)]]></system-err>
   </testsuite>
</testsuites>
